<?xml version="1.0" encoding="UTF-8"?>
<!-- Generated by org.testng.reporters.JUnitXMLReporter -->
<testsuite ignored="0" hostname="NSWSYDNLP295" failures="1" tests="1" name="Android Test Cases" time="2.853" errors="0" timestamp="2020-09-15T11:32:01 AEST">
  <testcase classname="com.australianopen.android.tests.BaseTestSuite" name="@AfterMethod afterEveryTestEnds" time="0.231">
    <failure type="java.lang.NullPointerException">
      <![CDATA[java.lang.NullPointerException
at com.australianopen.android.tests.BaseTestSuite.afterEveryTestEnds(BaseTestSuite.java:56)
at java.base/java.util.ArrayList.forEach(ArrayList.java:1378)
... Removed 32 stack frames]]>
    </failure>
  </testcase> <!-- @AfterMethod afterEveryTestEnds -->
  <testcase classname="com.australianopen.android.tests.AndroidPOCTest" name="TC001_verifyFavouriteFunctionality" time="0.026">
    <failure type="java.lang.NullPointerException">
      <![CDATA[java.lang.NullPointerException
at com.google.common.base.Preconditions.checkNotNull(Preconditions.java:882)
at org.openqa.selenium.support.ui.FluentWait.<init>(FluentWait.java:104)
at org.openqa.selenium.support.ui.WebDriverWait.<init>(WebDriverWait.java:71)
at org.openqa.selenium.support.ui.WebDriverWait.<init>(WebDriverWait.java:45)
at com.australianopen.android.pages.WelcomePage.clickOnSkipAllButton(WelcomePage.java:32)
at com.australianopen.android.tests.AndroidPOCTest.TC001_verifyFavouriteFunctionality(AndroidPOCTest.java:32)
at java.base/java.util.ArrayList.forEach(ArrayList.java:1378)
... Removed 27 stack frames]]>
    </failure>
  </testcase> <!-- TC001_verifyFavouriteFunctionality -->
</testsuite> <!-- Android Test Cases -->
